<?xml version="1.0" encoding="UTF-8"?>
<!-- Generated by org.testng.reporters.JUnitReportReporter -->
<testsuite skipped="0" hostname="Nas" name="search.searchForPlacesTest" tests="1" failures="0" timestamp="22 Sep 2018 02:10:33 GMT" time="11.606" errors="0">
  <testcase name="inputPlacesTest" time="11.606" classname="search.searchForPlacesTest"/>
</testsuite> <!-- search.searchForPlacesTest -->
