<?xml version="1.0" encoding="UTF-8"?>
<!-- Generated by org.testng.reporters.JUnitReportReporter -->
<testsuite skipped="1" hostname="Afias-MacBook-Pro.local" name="Search.LoginPageTest" tests="1" failures="0" timestamp="29 Sep 2018 15:07:24 GMT" time="0.000" errors="0">
  <testcase name="signIn" time="0.000" classname="Search.LoginPageTest">
    <skipped/>
  </testcase> <!-- signIn -->
</testsuite> <!-- Search.LoginPageTest -->
