<?xml version="1.0" encoding="UTF-8"?>
<!-- Generated by org.testng.reporters.JUnitReportReporter -->
<testsuite skipped="21" hostname="Afias-MacBook-Pro.local" name="Search.HomePageTest" tests="22" failures="0" timestamp="29 Sep 2018 15:07:24 GMT" time="0.002" errors="1">
  <testcase name="setUp" time="0.002" classname="Search.HomePageTest">
    <error type="java.lang.IllegalStateException" message="The driver executable does not exist: /Users/URMI/Desktop/GroupBlueFrameWork/Generic/DriversForBrowser/chromedriver">
      <![CDATA[java.lang.IllegalStateException: The driver executable does not exist: /Users/URMI/Desktop/GroupBlueFrameWork/Generic/DriversForBrowser/chromedriver
at com.google.common.base.Preconditions.checkState(Preconditions.java:585)
at org.openqa.selenium.remote.service.DriverService.checkExecutable(DriverService.java:137)
at org.openqa.selenium.remote.service.DriverService.findExecutable(DriverService.java:132)
at org.openqa.selenium.chrome.ChromeDriverService.access$000(ChromeDriverService.java:35)
at org.openqa.selenium.chrome.ChromeDriverService$Builder.findDefaultExecutable(ChromeDriverService.java:156)
at org.openqa.selenium.remote.service.DriverService$Builder.build(DriverService.java:346)
at org.openqa.selenium.chrome.ChromeDriverService.createDefaultService(ChromeDriverService.java:91)
at org.openqa.selenium.chrome.ChromeDriver.<init>(ChromeDriver.java:157)
at base.ReusableAPI.getLocalDriver(ReusableAPI.java:78)
at base.ReusableAPI.setUp(ReusableAPI.java:55)
at sun.reflect.NativeMethodAccessorImpl.invoke0(Native Method)
at sun.reflect.NativeMethodAccessorImpl.invoke(NativeMethodAccessorImpl.java:62)
at sun.reflect.DelegatingMethodAccessorImpl.invoke(DelegatingMethodAccessorImpl.java:43)
at java.lang.reflect.Method.invoke(Method.java:498)
at org.testng.internal.MethodInvocationHelper.invokeMethod(MethodInvocationHelper.java:124)
at org.testng.internal.MethodInvocationHelper.invokeMethodConsideringTimeout(MethodInvocationHelper.java:59)
at org.testng.internal.Invoker.invokeConfigurationMethod(Invoker.java:458)
at org.testng.internal.Invoker.invokeConfigurations(Invoker.java:222)
at org.testng.internal.Invoker.invokeMethod(Invoker.java:523)
at org.testng.internal.Invoker.invokeTestMethod(Invoker.java:719)
at org.testng.internal.Invoker.invokeTestMethods(Invoker.java:989)
at org.testng.internal.TestMethodWorker.invokeTestMethods(TestMethodWorker.java:125)
at org.testng.internal.TestMethodWorker.run(TestMethodWorker.java:109)
at org.testng.TestRunner.privateRun(TestRunner.java:648)
at org.testng.TestRunner.run(TestRunner.java:505)
at org.testng.SuiteRunner.runTest(SuiteRunner.java:455)
at org.testng.SuiteRunner.runSequentially(SuiteRunner.java:450)
at org.testng.SuiteRunner.privateRun(SuiteRunner.java:415)
at org.testng.SuiteRunner.run(SuiteRunner.java:364)
at org.testng.SuiteRunnerWorker.runSuite(SuiteRunnerWorker.java:52)
at org.testng.SuiteRunnerWorker.run(SuiteRunnerWorker.java:84)
at org.testng.TestNG.runSuitesSequentially(TestNG.java:1208)
at org.testng.TestNG.runSuitesLocally(TestNG.java:1137)
at org.testng.TestNG.runSuites(TestNG.java:1049)
at org.testng.TestNG.run(TestNG.java:1017)
at org.apache.maven.surefire.testng.TestNGExecutor.run(TestNGExecutor.java:135)
at org.apache.maven.surefire.testng.TestNGDirectoryTestSuite.executeMulti(TestNGDirectoryTestSuite.java:193)
at org.apache.maven.surefire.testng.TestNGDirectoryTestSuite.execute(TestNGDirectoryTestSuite.java:94)
at org.apache.maven.surefire.testng.TestNGProvider.invoke(TestNGProvider.java:146)
at org.apache.maven.surefire.booter.ForkedBooter.invokeProviderInSameClassLoader(ForkedBooter.java:383)
at org.apache.maven.surefire.booter.ForkedBooter.runSuitesInProcess(ForkedBooter.java:344)
at org.apache.maven.surefire.booter.ForkedBooter.execute(ForkedBooter.java:125)
at org.apache.maven.surefire.booter.ForkedBooter.main(ForkedBooter.java:417)
]]>
    </error>
  </testcase> <!-- setUp -->
  <testcase name="ATM_BranchLocation_Test" time="0.000" classname="Search.HomePageTest">
    <skipped/>
  </testcase> <!-- ATM_BranchLocation_Test -->
  <testcase name="How_to_Overcome_Anxiety_article_link_Test" time="0.000" classname="Search.HomePageTest">
    <skipped/>
  </testcase> <!-- How_to_Overcome_Anxiety_article_link_Test -->
  <testcase name="DragDrop2" time="0.000" classname="Search.HomePageTest">
    <skipped/>
  </testcase> <!-- DragDrop2 -->
  <testcase name="DIGI_BANKING_Test" time="0.000" classname="Search.HomePageTest">
    <skipped/>
  </testcase> <!-- DIGI_BANKING_Test -->
  <testcase name="The_ABCs_of_the_HELOC_article_link_Test" time="0.000" classname="Search.HomePageTest">
    <skipped/>
  </testcase> <!-- The_ABCs_of_the_HELOC_article_link_Test -->
  <testcase name="Corporate_Textoption_Test" time="0.000" classname="Search.HomePageTest">
    <skipped/>
  </testcase> <!-- Corporate_Textoption_Test -->
  <testcase name="About_Textoption_Test" time="0.000" classname="Search.HomePageTest">
    <skipped/>
  </testcase> <!-- About_Textoption_Test -->
  <testcase name="Header_Taeget_Test" time="0.000" classname="Search.HomePageTest">
    <skipped/>
  </testcase> <!-- Header_Taeget_Test -->
  <testcase name="Privacy_policy_Header_Test" time="0.000" classname="Search.HomePageTest">
    <skipped/>
  </testcase> <!-- Privacy_policy_Header_Test -->
  <testcase name="ULT_cash_back_creditcard_grouplink_Test" time="0.000" classname="Search.HomePageTest">
    <skipped/>
  </testcase> <!-- ULT_cash_back_creditcard_grouplink_Test -->
  <testcase name="Login_Test" time="0.000" classname="Search.HomePageTest">
    <skipped/>
  </testcase> <!-- Login_Test -->
  <testcase name="Home_Header_Test" time="0.000" classname="Search.HomePageTest">
    <skipped/>
  </testcase> <!-- Home_Header_Test -->
  <testcase name="Contact_us_Header_Test" time="0.000" classname="Search.HomePageTest">
    <skipped/>
  </testcase> <!-- Contact_us_Header_Test -->
  <testcase name="Personal_Textoption_Test" time="0.000" classname="Search.HomePageTest">
    <skipped/>
  </testcase> <!-- Personal_Textoption_Test -->
  <testcase name="Find_location_near_you_Test" time="0.000" classname="Search.HomePageTest">
    <skipped/>
  </testcase> <!-- Find_location_near_you_Test -->
  <testcase name="top_9_Ways_to_Save_Serious_$_article_link_Test" time="0.000" classname="Search.HomePageTest">
    <skipped/>
  </testcase> <!-- top_9_Ways_to_Save_Serious_$_article_link_Test -->
  <testcase name="Terms_of_use_Header_Test" time="0.000" classname="Search.HomePageTest">
    <skipped/>
  </testcase> <!-- Terms_of_use_Header_Test -->
  <testcase name="top_10_credit_tips_article_link_Test" time="0.000" classname="Search.HomePageTest">
    <skipped/>
  </testcase> <!-- top_10_credit_tips_article_link_Test -->
  <testcase name="STU_VALUE_CHEK_Test" time="0.000" classname="Search.HomePageTest">
    <skipped/>
  </testcase> <!-- STU_VALUE_CHEK_Test -->
  <testcase name="Business_Textoption_Test" time="0.000" classname="Search.HomePageTest">
    <skipped/>
  </testcase> <!-- Business_Textoption_Test -->
  <testcase name="top_5_text_email_mobile_alert_article_link_Test" time="0.000" classname="Search.HomePageTest">
    <skipped/>
  </testcase> <!-- top_5_text_email_mobile_alert_article_link_Test -->
</testsuite> <!-- Search.HomePageTest -->
